빌드 시작: 2013-12-16 오후 3:48:31
     1>2 노드의 "C:\Users\NAM\Desktop\allOfProject\캡스톤 설계\MotionRecognition1\MotionRecognition\MotionRecognition.vcxproj" 프로젝트(build 대상)입니다.
     1>InitializeBuildStatus:
         "Release\MotionRecognition.unsuccessfulbuild"에 연결(touching)하고 있습니다.
       ClCompile:
         c:\Program Files (x86)\Microsoft Visual Studio 10.0\VC\bin\CL.exe /c /Zi /nologo /W3 /WX- /O2 /Oi /Oy- /GL /D WIN32 /D NDEBUG /D _CONSOLE /D _UNICODE /D UNICODE /Gm- /EHsc /MD /GS /Gy /fp:precise /Zc:wchar_t /Zc:forScope /Fo"Release\\" /Fd"Release\vc100.pdb" /Gd /TP /analyze- /errorReport:prompt main.cpp
         main.cpp
     1>c:\opencv\build\include\opencv2\flann\dist.h : warning C4819: 현재 코드 페이지(949)에서 표시할 수 없는 문자가 파일에 들어 있습니다. 데이터가 손실되지 않게 하려면 해당 파일을 유니코드 형식으로 저장하십시오.
     1>c:\opencv\build\include\opencv2\flann\dist.h : warning C4819: 현재 코드 페이지(949)에서 표시할 수 없는 문자가 파일에 들어 있습니다. 데이터가 손실되지 않게 하려면 해당 파일을 유니코드 형식으로 저장하십시오.
     1>c:\opencv\build\include\opencv2\flann\dist.h : warning C4819: 현재 코드 페이지(949)에서 표시할 수 없는 문자가 파일에 들어 있습니다. 데이터가 손실되지 않게 하려면 해당 파일을 유니코드 형식으로 저장하십시오.
     1>c:\opencv\build\include\opencv2\flann\dist.h : warning C4819: 현재 코드 페이지(949)에서 표시할 수 없는 문자가 파일에 들어 있습니다. 데이터가 손실되지 않게 하려면 해당 파일을 유니코드 형식으로 저장하십시오.
       Link:
         c:\Program Files (x86)\Microsoft Visual Studio 10.0\VC\bin\link.exe /ERRORREPORT:PROMPT /OUT:"C:\Users\NAM\Desktop\allOfProject\캡스톤 설계\MotionRecognition1\Release\MotionRecognition.exe" /INCREMENTAL:NO /NOLOGO opencv_videostab247.lib opencv_video247.lib opencv_ts247.lib opencv_superres247.lib opencv_stitching247.lib opencv_photo247.lib opencv_ocl247.lib opencv_objdetect247.lib opencv_nonfree247.lib opencv_ml247.lib opencv_legacy247.lib opencv_gpu247.lib opencv_flann247.lib opencv_features2d247.lib opencv_contrib247.lib opencv_calib3d247.lib opencv_core247.lib opencv_highgui247.lib opencv_imgproc247.lib kernel32.lib user32.lib gdi32.lib winspool.lib comdlg32.lib advapi32.lib shell32.lib ole32.lib oleaut32.lib uuid.lib odbc32.lib odbccp32.lib kernel32.lib user32.lib gdi32.lib winspool.lib comdlg32.lib advapi32.lib shell32.lib ole32.lib oleaut32.lib uuid.lib odbc32.lib odbccp32.lib /MANIFEST /ManifestFile:"Release\MotionRecognition.exe.intermediate.manifest" /MANIFESTUAC:"level='asInvoker' uiAccess='false'" /DEBUG /PDB:"C:\Users\NAM\Desktop\allOfProject\캡스톤 설계\MotionRecognition1\Release\MotionRecognition.pdb" /SUBSYSTEM:CONSOLE /OPT:REF /OPT:ICF /LTCG /TLBID:1 /DYNAMICBASE /NXCOMPAT /IMPLIB:"C:\Users\NAM\Desktop\allOfProject\캡스톤 설계\MotionRecognition1\Release\MotionRecognition.lib" /MACHINE:X86 Release\BlobLabeling.obj
         Release\HandDetect.obj
         Release\HandMouse.obj
         Release\main.obj
         Release\MotionRecog.obj
         코드를 생성하고 있습니다.
         코드를 생성했습니다.
         MotionRecognition.vcxproj -> C:\Users\NAM\Desktop\allOfProject\캡스톤 설계\MotionRecognition1\Release\MotionRecognition.exe
       Manifest:
         C:\Program Files (x86)\Microsoft SDKs\Windows\v7.0A\bin\mt.exe /nologo /verbose /outputresource:"C:\Users\NAM\Desktop\allOfProject\캡스톤 설계\MotionRecognition1\Release\MotionRecognition.exe;#1" /manifest Release\MotionRecognition.exe.intermediate.manifest
       FinalizeBuildStatus:
         "Release\MotionRecognition.unsuccessfulbuild" 파일을 삭제하고 있습니다.
         "Release\MotionRecognition.lastbuildstate"에 연결(touching)하고 있습니다.
     1>"C:\Users\NAM\Desktop\allOfProject\캡스톤 설계\MotionRecognition1\MotionRecognition\MotionRecognition.vcxproj" 프로젝트를 빌드했습니다(build 대상).

빌드했습니다.

경과 시간: 00:00:07.94
